<?xml version="1.0" encoding="UTF-8"?>
<testng-results ignored="0" total="1" passed="0" failed="0" skipped="1">
  <reporter-output>
  </reporter-output>
  <suite started-at="2023-01-10T15:10:01 IST" name="Default suite" finished-at="2023-01-10T15:10:02 IST" duration-ms="63">
    <groups>
    </groups>
    <test started-at="2023-01-10T15:10:01 IST" name="Default test" finished-at="2023-01-10T15:10:02 IST" duration-ms="63">
      <class name="testNG.LoginCard91Admin">
        <test-method signature="LoginTestCases(java.lang.String,java.lang.String,java.lang.String,java.lang.String)[pri:0, instance:testNG.LoginCard91Admin@6ac13091]" started-at="2023-01-10T15:10:02 IST" name="LoginTestCases" data-provider="LoginData" finished-at="2023-01-10T15:10:02 IST" duration-ms="0" status="SKIP">
          <exception class="java.lang.RuntimeException">
            <message>
              <![CDATA[jxl.read.biff.BiffException: Unable to recognize OLE stream]]>
            </message>
            <full-stacktrace>
              <![CDATA[java.lang.RuntimeException: jxl.read.biff.BiffException: Unable to recognize OLE stream
at org.testng.internal.MethodInvocationHelper.invokeMethodNoCheckedException(MethodInvocationHelper.java:50)
at org.testng.internal.MethodInvocationHelper.invokeDataProvider(MethodInvocationHelper.java:146)
at org.testng.internal.Parameters.handleParameters(Parameters.java:798)
at org.testng.internal.Parameters.handleParameters(Parameters.java:740)
at org.testng.internal.ParameterHandler.handleParameters(ParameterHandler.java:59)
at org.testng.internal.ParameterHandler.createParameters(ParameterHandler.java:38)
at org.testng.internal.TestInvoker$MethodInvocationAgent.invoke(TestInvoker.java:791)
at org.testng.internal.TestInvoker.invokeTestMethods(TestInvoker.java:146)
at org.testng.internal.TestMethodWorker.invokeTestMethods(TestMethodWorker.java:146)
at org.testng.internal.TestMethodWorker.run(TestMethodWorker.java:128)
at java.base/java.util.ArrayList.forEach(ArrayList.java:1511)
at org.testng.TestRunner.privateRun(TestRunner.java:794)
at org.testng.TestRunner.run(TestRunner.java:596)
at org.testng.SuiteRunner.runTest(SuiteRunner.java:377)
at org.testng.SuiteRunner.runSequentially(SuiteRunner.java:371)
at org.testng.SuiteRunner.privateRun(SuiteRunner.java:332)
at org.testng.SuiteRunner.run(SuiteRunner.java:276)
at org.testng.SuiteRunnerWorker.runSuite(SuiteRunnerWorker.java:53)
at org.testng.SuiteRunnerWorker.run(SuiteRunnerWorker.java:96)
at org.testng.TestNG.runSuitesSequentially(TestNG.java:1212)
at org.testng.TestNG.runSuitesLocally(TestNG.java:1134)
at org.testng.TestNG.runSuites(TestNG.java:1063)
at org.testng.TestNG.run(TestNG.java:1031)
at org.testng.remote.AbstractRemoteTestNG.run(AbstractRemoteTestNG.java:115)
at org.testng.remote.RemoteTestNG.initAndRun(RemoteTestNG.java:251)
at org.testng.remote.RemoteTestNG.main(RemoteTestNG.java:77)
Caused by: jxl.read.biff.BiffException: Unable to recognize OLE stream
at jxl.read.biff.CompoundFile.<init>(CompoundFile.java:116)
at jxl.read.biff.File.<init>(File.java:127)
at jxl.Workbook.getWorkbook(Workbook.java:268)
at jxl.Workbook.getWorkbook(Workbook.java:253)
at testNG.LoginCard91Admin.getExcelData(LoginCard91Admin.java:29)
at testNG.LoginCard91Admin.loginDataProvider(LoginCard91Admin.java:22)
at java.base/jdk.internal.reflect.NativeMethodAccessorImpl.invoke0(Native Method)
at java.base/jdk.internal.reflect.NativeMethodAccessorImpl.invoke(NativeMethodAccessorImpl.java:77)
at java.base/jdk.internal.reflect.DelegatingMethodAccessorImpl.invoke(DelegatingMethodAccessorImpl.java:43)
at java.base/java.lang.reflect.Method.invoke(Method.java:568)
at org.testng.internal.MethodInvocationHelper.invokeMethod(MethodInvocationHelper.java:133)
at org.testng.internal.MethodInvocationHelper.invokeMethod(MethodInvocationHelper.java:77)
at org.testng.internal.MethodInvocationHelper.invokeMethodNoCheckedException(MethodInvocationHelper.java:46)
... 25 more
]]>
            </full-stacktrace>
          </exception> <!-- java.lang.RuntimeException -->
          <reporter-output>
          </reporter-output>
        </test-method> <!-- LoginTestCases -->
      </class> <!-- testNG.LoginCard91Admin -->
    </test> <!-- Default test -->
  </suite> <!-- Default suite -->
</testng-results>
